<?xml version="1.0" encoding="UTF-8"?>
<!-- Generated by org.testng.reporters.JUnitXMLReporter -->
<testsuite ignored="0" hostname="DESKTOP-M2T3POQ" failures="1" tests="9" name="Free CRM App Test Cases" time="481.966" errors="0" timestamp="2020-08-01T18:27:43 IST">
  <testcase classname="com.qa.TestCases.LoginPageTestCase" name="loginPageTitleTest" time="0.14"/>
  <testcase classname="com.qa.TestCases.LoginPageTestCase" name="loginTest" time="2.522"/>
  <testcase classname="com.qa.TestCases.HomePageTestCases" name="validateHomePageTitle" time="0.054"/>
  <testcase classname="com.qa.TestCases.HomePageTestCases" name="validateusernamelable" time="8.287"/>
  <testcase classname="com.qa.TestCases.HomePageTestCases" name="validatedealSummary" time="10.758">
    <failure type="org.openqa.selenium.NoSuchElementException" message="Unable to locate element: //*[@id=&amp;quot;ui&amp;quot;]/div/div[2]/div[2]/div/div/div[1]/div/div/div[1]/div
For documentation on this error, please visit: http://seleniumhq.org/exceptions/no_such_element.html
Build info: version: &amp;apos;3.14.0&amp;apos;, revision: &amp;apos;aacccce0&amp;apos;, time: &amp;apos;2018-08-02T20:19:58.91Z&amp;apos;
System info: host: &amp;apos;DESKTOP-M2T3POQ&amp;apos;, ip: &amp;apos;192.168.0.103&amp;apos;, os.name: &amp;apos;Windows 10&amp;apos;, os.arch: &amp;apos;amd64&amp;apos;, os.version: &amp;apos;10.0&amp;apos;, java.version: &amp;apos;13.0.2&amp;apos;
Driver info: org.openqa.selenium.firefox.FirefoxDriver
Capabilities {acceptInsecureCerts: true, browserName: firefox, browserVersion: 76.0.1, javascriptEnabled: true, moz:accessibilityChecks: false, moz:buildID: 20200507114007, moz:geckodriverVersion: 0.26.0, moz:headless: false, moz:processID: 5208, moz:profile: C:\Users\Prajacta\AppData\L..., moz:shutdownTimeout: 60000, moz:useNonSpecCompliantPointerOrigin: false, moz:webdriverClick: true, pageLoadStrategy: normal, platform: WINDOWS, platformName: WINDOWS, platformVersion: 10.0, rotatable: false, setWindowRect: true, strictFileInteractability: false, timeouts: {implicit: 0, pageLoad: 300000, script: 30000}, unhandledPromptBehavior: dismiss and notify}
Session ID: 4ec95c74-7ab4-4f74-a1c3-a6f7a9b50efd
*** Element info: {Using=xpath, value=//*[@id=&amp;quot;ui&amp;quot;]/div/div[2]/div[2]/div/div/div[1]/div/div/div[1]/div}">
      <![CDATA[org.openqa.selenium.NoSuchElementException: Unable to locate element: //*[@id="ui"]/div/div[2]/div[2]/div/div/div[1]/div/div/div[1]/div
For documentation on this error, please visit: http://seleniumhq.org/exceptions/no_such_element.html
Build info: version: '3.14.0', revision: 'aacccce0', time: '2018-08-02T20:19:58.91Z'
System info: host: 'DESKTOP-M2T3POQ', ip: '192.168.0.103', os.name: 'Windows 10', os.arch: 'amd64', os.version: '10.0', java.version: '13.0.2'
Driver info: org.openqa.selenium.firefox.FirefoxDriver
Capabilities {acceptInsecureCerts: true, browserName: firefox, browserVersion: 76.0.1, javascriptEnabled: true, moz:accessibilityChecks: false, moz:buildID: 20200507114007, moz:geckodriverVersion: 0.26.0, moz:headless: false, moz:processID: 5208, moz:profile: C:\Users\Prajacta\AppData\L..., moz:shutdownTimeout: 60000, moz:useNonSpecCompliantPointerOrigin: false, moz:webdriverClick: true, pageLoadStrategy: normal, platform: WINDOWS, platformName: WINDOWS, platformVersion: 10.0, rotatable: false, setWindowRect: true, strictFileInteractability: false, timeouts: {implicit: 0, pageLoad: 300000, script: 30000}, unhandledPromptBehavior: dismiss and notify}
Session ID: 4ec95c74-7ab4-4f74-a1c3-a6f7a9b50efd
*** Element info: {Using=xpath, value=//*[@id="ui"]/div/div[2]/div[2]/div/div/div[1]/div/div/div[1]/div}
at org.openqa.selenium.remote.http.W3CHttpResponseCodec.createException(W3CHttpResponseCodec.java:187)
at org.openqa.selenium.remote.http.W3CHttpResponseCodec.decode(W3CHttpResponseCodec.java:122)
at org.openqa.selenium.remote.http.W3CHttpResponseCodec.decode(W3CHttpResponseCodec.java:49)
at org.openqa.selenium.remote.HttpCommandExecutor.execute(HttpCommandExecutor.java:158)
at org.openqa.selenium.remote.service.DriverCommandExecutor.execute(DriverCommandExecutor.java:83)
at org.openqa.selenium.remote.RemoteWebDriver.execute(RemoteWebDriver.java:548)
at org.openqa.selenium.remote.RemoteWebDriver.findElement(RemoteWebDriver.java:322)
at org.openqa.selenium.remote.RemoteWebDriver.findElementByXPath(RemoteWebDriver.java:424)
at org.openqa.selenium.By$ByXPath.findElement(By.java:353)
at org.openqa.selenium.remote.RemoteWebDriver.findElement(RemoteWebDriver.java:314)
at org.openqa.selenium.support.events.EventFiringWebDriver.lambda$new$1(EventFiringWebDriver.java:105)
at com.sun.proxy.$Proxy11.findElement(Unknown Source)
at org.openqa.selenium.support.events.EventFiringWebDriver.findElement(EventFiringWebDriver.java:194)
at org.openqa.selenium.support.pagefactory.DefaultElementLocator.findElement(DefaultElementLocator.java:69)
at org.openqa.selenium.support.pagefactory.internal.LocatingElementHandler.invoke(LocatingElementHandler.java:38)
at com.sun.proxy.$Proxy15.isDisplayed(Unknown Source)
at com.qa.Pages.HomePage.visibleDealsSummary(HomePage.java:33)
at com.qa.TestCases.HomePageTestCases.validatedealSummary(HomePageTestCases.java:51)
at java.base/java.util.ArrayList.forEach(ArrayList.java:1507)
... Removed 36 stack frames]]>
    </failure>
  </testcase> <!-- validatedealSummary -->
  <testcase classname="com.qa.TestCases.HomePageTestCases" name="ClickOnContactPage" time="10.123"/>
  <testcase classname="com.qa.TestCases.ContactPageTestCases" name="validateContactTitle" time="0.017"/>
  <testcase classname="com.qa.TestCases.ContactPageTestCases" name="vailadteContactLable" time="0.144"/>
  <testcase classname="com.qa.TestCases.ContactPageTestCases" name="validateCreateContact" time="0.0">
    <skipped/>
  </testcase> <!-- validateCreateContact -->
</testsuite> <!-- Free CRM App Test Cases -->
