<?xml version="1.0" encoding="UTF-8"?>
<testng-results ignored="0" total="9" passed="7" failed="1" skipped="1">
  <reporter-output>
  </reporter-output>
  <suite started-at="2020-08-01T18:19:41 IST" name="Testing FrreCRM Apps" finished-at="2020-08-01T18:27:43 IST" duration-ms="481966">
    <groups>
    </groups>
    <test started-at="2020-08-01T18:19:41 IST" name="Free CRM App Test Cases" finished-at="2020-08-01T18:27:43 IST" duration-ms="481966">
      <class name="com.qa.TestCases.LoginPageTestCase">
        <test-method is-config="true" signature="setUp()[pri:0, instance:com.qa.TestCases.LoginPageTestCase@7ee955a8]" started-at="2020-08-01T18:19:41 IST" name="setUp" finished-at="2020-08-01T18:20:31 IST" duration-ms="50556" status="PASS">
          <reporter-output>
          </reporter-output>
        </test-method> <!-- setUp -->
        <test-method signature="loginPageTitleTest()[pri:1, instance:com.qa.TestCases.LoginPageTestCase@7ee955a8]" started-at="2020-08-01T18:20:31 IST" name="loginPageTitleTest" finished-at="2020-08-01T18:20:32 IST" duration-ms="140" status="PASS">
          <reporter-output>
          </reporter-output>
        </test-method> <!-- loginPageTitleTest -->
        <test-method is-config="true" signature="tearDown()[pri:0, instance:com.qa.TestCases.LoginPageTestCase@7ee955a8]" started-at="2020-08-01T18:20:32 IST" name="tearDown" finished-at="2020-08-01T18:20:39 IST" duration-ms="7381" status="PASS">
          <reporter-output>
          </reporter-output>
        </test-method> <!-- tearDown -->
        <test-method is-config="true" signature="setUp()[pri:0, instance:com.qa.TestCases.LoginPageTestCase@7ee955a8]" started-at="2020-08-01T18:20:39 IST" name="setUp" finished-at="2020-08-01T18:21:17 IST" duration-ms="38275" status="PASS">
          <reporter-output>
          </reporter-output>
        </test-method> <!-- setUp -->
        <test-method signature="loginTest()[pri:2, instance:com.qa.TestCases.LoginPageTestCase@7ee955a8]" started-at="2020-08-01T18:21:17 IST" name="loginTest" finished-at="2020-08-01T18:21:20 IST" duration-ms="2522" status="PASS">
          <reporter-output>
          </reporter-output>
        </test-method> <!-- loginTest -->
        <test-method is-config="true" signature="tearDown()[pri:0, instance:com.qa.TestCases.LoginPageTestCase@7ee955a8]" started-at="2020-08-01T18:21:20 IST" name="tearDown" finished-at="2020-08-01T18:21:28 IST" duration-ms="8468" status="PASS">
          <reporter-output>
          </reporter-output>
        </test-method> <!-- tearDown -->
      </class> <!-- com.qa.TestCases.LoginPageTestCase -->
      <class name="com.qa.TestCases.HomePageTestCases">
        <test-method is-config="true" signature="setUp()[pri:0, instance:com.qa.TestCases.HomePageTestCases@1677d1]" started-at="2020-08-01T18:21:28 IST" name="setUp" finished-at="2020-08-01T18:22:17 IST" duration-ms="48541" status="PASS">
          <reporter-output>
          </reporter-output>
        </test-method> <!-- setUp -->
        <test-method signature="validateHomePageTitle()[pri:1, instance:com.qa.TestCases.HomePageTestCases@1677d1]" started-at="2020-08-01T18:22:17 IST" name="validateHomePageTitle" finished-at="2020-08-01T18:22:17 IST" duration-ms="54" status="PASS">
          <reporter-output>
          </reporter-output>
        </test-method> <!-- validateHomePageTitle -->
        <test-method is-config="true" signature="teardown()[pri:0, instance:com.qa.TestCases.HomePageTestCases@1677d1]" started-at="2020-08-01T18:22:17 IST" name="teardown" finished-at="2020-08-01T18:22:26 IST" duration-ms="8758" status="PASS">
          <reporter-output>
          </reporter-output>
        </test-method> <!-- teardown -->
        <test-method is-config="true" signature="setUp()[pri:0, instance:com.qa.TestCases.HomePageTestCases@1677d1]" started-at="2020-08-01T18:22:26 IST" name="setUp" finished-at="2020-08-01T18:23:10 IST" duration-ms="44562" status="PASS">
          <reporter-output>
          </reporter-output>
        </test-method> <!-- setUp -->
        <test-method signature="validateusernamelable()[pri:2, instance:com.qa.TestCases.HomePageTestCases@1677d1]" started-at="2020-08-01T18:23:10 IST" name="validateusernamelable" finished-at="2020-08-01T18:23:18 IST" duration-ms="8287" status="PASS">
          <reporter-output>
          </reporter-output>
        </test-method> <!-- validateusernamelable -->
        <test-method is-config="true" signature="teardown()[pri:0, instance:com.qa.TestCases.HomePageTestCases@1677d1]" started-at="2020-08-01T18:23:18 IST" name="teardown" finished-at="2020-08-01T18:23:27 IST" duration-ms="8361" status="PASS">
          <reporter-output>
          </reporter-output>
        </test-method> <!-- teardown -->
        <test-method is-config="true" signature="setUp()[pri:0, instance:com.qa.TestCases.HomePageTestCases@1677d1]" started-at="2020-08-01T18:23:27 IST" name="setUp" finished-at="2020-08-01T18:24:13 IST" duration-ms="46040" status="PASS">
          <reporter-output>
          </reporter-output>
        </test-method> <!-- setUp -->
        <test-method signature="validatedealSummary()[pri:3, instance:com.qa.TestCases.HomePageTestCases@1677d1]" started-at="2020-08-01T18:24:13 IST" name="validatedealSummary" finished-at="2020-08-01T18:24:24 IST" duration-ms="10758" status="FAIL">
          <exception class="org.openqa.selenium.NoSuchElementException">
            <message>
              <![CDATA[Unable to locate element: //*[@id="ui"]/div/div[2]/div[2]/div/div/div[1]/div/div/div[1]/div
For documentation on this error, please visit: http://seleniumhq.org/exceptions/no_such_element.html
Build info: version: '3.14.0', revision: 'aacccce0', time: '2018-08-02T20:19:58.91Z'
System info: host: 'DESKTOP-M2T3POQ', ip: '192.168.0.103', os.name: 'Windows 10', os.arch: 'amd64', os.version: '10.0', java.version: '13.0.2'
Driver info: org.openqa.selenium.firefox.FirefoxDriver
Capabilities {acceptInsecureCerts: true, browserName: firefox, browserVersion: 76.0.1, javascriptEnabled: true, moz:accessibilityChecks: false, moz:buildID: 20200507114007, moz:geckodriverVersion: 0.26.0, moz:headless: false, moz:processID: 5208, moz:profile: C:\Users\Prajacta\AppData\L..., moz:shutdownTimeout: 60000, moz:useNonSpecCompliantPointerOrigin: false, moz:webdriverClick: true, pageLoadStrategy: normal, platform: WINDOWS, platformName: WINDOWS, platformVersion: 10.0, rotatable: false, setWindowRect: true, strictFileInteractability: false, timeouts: {implicit: 0, pageLoad: 300000, script: 30000}, unhandledPromptBehavior: dismiss and notify}
Session ID: 4ec95c74-7ab4-4f74-a1c3-a6f7a9b50efd
*** Element info: {Using=xpath, value=//*[@id="ui"]/div/div[2]/div[2]/div/div/div[1]/div/div/div[1]/div}]]>
            </message>
            <full-stacktrace>
              <![CDATA[org.openqa.selenium.NoSuchElementException: Unable to locate element: //*[@id="ui"]/div/div[2]/div[2]/div/div/div[1]/div/div/div[1]/div
For documentation on this error, please visit: http://seleniumhq.org/exceptions/no_such_element.html
Build info: version: '3.14.0', revision: 'aacccce0', time: '2018-08-02T20:19:58.91Z'
System info: host: 'DESKTOP-M2T3POQ', ip: '192.168.0.103', os.name: 'Windows 10', os.arch: 'amd64', os.version: '10.0', java.version: '13.0.2'
Driver info: org.openqa.selenium.firefox.FirefoxDriver
Capabilities {acceptInsecureCerts: true, browserName: firefox, browserVersion: 76.0.1, javascriptEnabled: true, moz:accessibilityChecks: false, moz:buildID: 20200507114007, moz:geckodriverVersion: 0.26.0, moz:headless: false, moz:processID: 5208, moz:profile: C:\Users\Prajacta\AppData\L..., moz:shutdownTimeout: 60000, moz:useNonSpecCompliantPointerOrigin: false, moz:webdriverClick: true, pageLoadStrategy: normal, platform: WINDOWS, platformName: WINDOWS, platformVersion: 10.0, rotatable: false, setWindowRect: true, strictFileInteractability: false, timeouts: {implicit: 0, pageLoad: 300000, script: 30000}, unhandledPromptBehavior: dismiss and notify}
Session ID: 4ec95c74-7ab4-4f74-a1c3-a6f7a9b50efd
*** Element info: {Using=xpath, value=//*[@id="ui"]/div/div[2]/div[2]/div/div/div[1]/div/div/div[1]/div}
at java.base/jdk.internal.reflect.NativeConstructorAccessorImpl.newInstance0(Native Method)
at java.base/jdk.internal.reflect.NativeConstructorAccessorImpl.newInstance(NativeConstructorAccessorImpl.java:62)
at java.base/jdk.internal.reflect.DelegatingConstructorAccessorImpl.newInstance(DelegatingConstructorAccessorImpl.java:45)
at java.base/java.lang.reflect.Constructor.newInstanceWithCaller(Constructor.java:500)
at java.base/java.lang.reflect.Constructor.newInstance(Constructor.java:481)
at org.openqa.selenium.remote.http.W3CHttpResponseCodec.createException(W3CHttpResponseCodec.java:187)
at org.openqa.selenium.remote.http.W3CHttpResponseCodec.decode(W3CHttpResponseCodec.java:122)
at org.openqa.selenium.remote.http.W3CHttpResponseCodec.decode(W3CHttpResponseCodec.java:49)
at org.openqa.selenium.remote.HttpCommandExecutor.execute(HttpCommandExecutor.java:158)
at org.openqa.selenium.remote.service.DriverCommandExecutor.execute(DriverCommandExecutor.java:83)
at org.openqa.selenium.remote.RemoteWebDriver.execute(RemoteWebDriver.java:548)
at org.openqa.selenium.remote.RemoteWebDriver.findElement(RemoteWebDriver.java:322)
at org.openqa.selenium.remote.RemoteWebDriver.findElementByXPath(RemoteWebDriver.java:424)
at org.openqa.selenium.By$ByXPath.findElement(By.java:353)
at org.openqa.selenium.remote.RemoteWebDriver.findElement(RemoteWebDriver.java:314)
at java.base/jdk.internal.reflect.NativeMethodAccessorImpl.invoke0(Native Method)
at java.base/jdk.internal.reflect.NativeMethodAccessorImpl.invoke(NativeMethodAccessorImpl.java:62)
at java.base/jdk.internal.reflect.DelegatingMethodAccessorImpl.invoke(DelegatingMethodAccessorImpl.java:43)
at java.base/java.lang.reflect.Method.invoke(Method.java:567)
at org.openqa.selenium.support.events.EventFiringWebDriver.lambda$new$1(EventFiringWebDriver.java:105)
at com.sun.proxy.$Proxy11.findElement(Unknown Source)
at org.openqa.selenium.support.events.EventFiringWebDriver.findElement(EventFiringWebDriver.java:194)
at org.openqa.selenium.support.pagefactory.DefaultElementLocator.findElement(DefaultElementLocator.java:69)
at org.openqa.selenium.support.pagefactory.internal.LocatingElementHandler.invoke(LocatingElementHandler.java:38)
at com.sun.proxy.$Proxy15.isDisplayed(Unknown Source)
at com.qa.Pages.HomePage.visibleDealsSummary(HomePage.java:33)
at com.qa.TestCases.HomePageTestCases.validatedealSummary(HomePageTestCases.java:51)
at java.base/jdk.internal.reflect.NativeMethodAccessorImpl.invoke0(Native Method)
at java.base/jdk.internal.reflect.NativeMethodAccessorImpl.invoke(NativeMethodAccessorImpl.java:62)
at java.base/jdk.internal.reflect.DelegatingMethodAccessorImpl.invoke(DelegatingMethodAccessorImpl.java:43)
at java.base/java.lang.reflect.Method.invoke(Method.java:567)
at org.testng.internal.MethodInvocationHelper.invokeMethod(MethodInvocationHelper.java:134)
at org.testng.internal.TestInvoker.invokeMethod(TestInvoker.java:597)
at org.testng.internal.TestInvoker.invokeTestMethod(TestInvoker.java:173)
at org.testng.internal.MethodRunner.runInSequence(MethodRunner.java:46)
at org.testng.internal.TestInvoker$MethodInvocationAgent.invoke(TestInvoker.java:816)
at org.testng.internal.TestInvoker.invokeTestMethods(TestInvoker.java:146)
at org.testng.internal.TestMethodWorker.invokeTestMethods(TestMethodWorker.java:146)
at org.testng.internal.TestMethodWorker.run(TestMethodWorker.java:128)
at java.base/java.util.ArrayList.forEach(ArrayList.java:1507)
at org.testng.TestRunner.privateRun(TestRunner.java:766)
at org.testng.TestRunner.run(TestRunner.java:587)
at org.testng.SuiteRunner.runTest(SuiteRunner.java:384)
at org.testng.SuiteRunner.runSequentially(SuiteRunner.java:378)
at org.testng.SuiteRunner.privateRun(SuiteRunner.java:337)
at org.testng.SuiteRunner.run(SuiteRunner.java:286)
at org.testng.SuiteRunnerWorker.runSuite(SuiteRunnerWorker.java:53)
at org.testng.SuiteRunnerWorker.run(SuiteRunnerWorker.java:96)
at org.testng.TestNG.runSuitesSequentially(TestNG.java:1187)
at org.testng.TestNG.runSuitesLocally(TestNG.java:1109)
at org.testng.TestNG.runSuites(TestNG.java:1039)
at org.testng.TestNG.run(TestNG.java:1007)
at org.testng.remote.AbstractRemoteTestNG.run(AbstractRemoteTestNG.java:115)
at org.testng.remote.RemoteTestNG.initAndRun(RemoteTestNG.java:251)
at org.testng.remote.RemoteTestNG.main(RemoteTestNG.java:77)
]]>
            </full-stacktrace>
          </exception> <!-- org.openqa.selenium.NoSuchElementException -->
          <reporter-output>
          </reporter-output>
        </test-method> <!-- validatedealSummary -->
        <test-method is-config="true" signature="teardown()[pri:0, instance:com.qa.TestCases.HomePageTestCases@1677d1]" started-at="2020-08-01T18:24:24 IST" name="teardown" finished-at="2020-08-01T18:24:32 IST" duration-ms="8467" status="PASS">
          <reporter-output>
          </reporter-output>
        </test-method> <!-- teardown -->
        <test-method is-config="true" signature="setUp()[pri:0, instance:com.qa.TestCases.HomePageTestCases@1677d1]" started-at="2020-08-01T18:24:32 IST" name="setUp" finished-at="2020-08-01T18:25:13 IST" duration-ms="40756" status="PASS">
          <reporter-output>
          </reporter-output>
        </test-method> <!-- setUp -->
        <test-method signature="ClickOnContactPage()[pri:4, instance:com.qa.TestCases.HomePageTestCases@1677d1]" started-at="2020-08-01T18:25:13 IST" name="ClickOnContactPage" finished-at="2020-08-01T18:25:23 IST" duration-ms="10123" status="PASS">
          <reporter-output>
          </reporter-output>
        </test-method> <!-- ClickOnContactPage -->
        <test-method is-config="true" signature="teardown()[pri:0, instance:com.qa.TestCases.HomePageTestCases@1677d1]" started-at="2020-08-01T18:25:23 IST" name="teardown" finished-at="2020-08-01T18:25:34 IST" duration-ms="10753" status="PASS">
          <reporter-output>
          </reporter-output>
        </test-method> <!-- teardown -->
      </class> <!-- com.qa.TestCases.HomePageTestCases -->
      <class name="com.qa.TestCases.ContactPageTestCases">
        <test-method is-config="true" signature="setUp()[pri:0, instance:com.qa.TestCases.ContactPageTestCases@48fa0f47]" started-at="2020-08-01T18:25:34 IST" name="setUp" finished-at="2020-08-01T18:26:24 IST" duration-ms="50327" status="PASS">
          <reporter-output>
          </reporter-output>
        </test-method> <!-- setUp -->
        <test-method signature="validateContactTitle()[pri:1, instance:com.qa.TestCases.ContactPageTestCases@48fa0f47]" started-at="2020-08-01T18:26:24 IST" name="validateContactTitle" finished-at="2020-08-01T18:26:24 IST" duration-ms="17" status="PASS">
          <reporter-output>
          </reporter-output>
        </test-method> <!-- validateContactTitle -->
        <test-method is-config="true" signature="tearDown()[pri:0, instance:com.qa.TestCases.ContactPageTestCases@48fa0f47]" started-at="2020-08-01T18:26:24 IST" name="tearDown" finished-at="2020-08-01T18:26:31 IST" duration-ms="7311" status="PASS">
          <reporter-output>
          </reporter-output>
        </test-method> <!-- tearDown -->
        <test-method is-config="true" signature="setUp()[pri:0, instance:com.qa.TestCases.ContactPageTestCases@48fa0f47]" started-at="2020-08-01T18:26:31 IST" name="setUp" finished-at="2020-08-01T18:27:33 IST" duration-ms="61850" status="PASS">
          <reporter-output>
          </reporter-output>
        </test-method> <!-- setUp -->
        <test-method signature="vailadteContactLable()[pri:2, instance:com.qa.TestCases.ContactPageTestCases@48fa0f47]" started-at="2020-08-01T18:27:33 IST" name="vailadteContactLable" finished-at="2020-08-01T18:27:33 IST" duration-ms="144" status="PASS">
          <reporter-output>
          </reporter-output>
        </test-method> <!-- vailadteContactLable -->
        <test-method is-config="true" signature="tearDown()[pri:0, instance:com.qa.TestCases.ContactPageTestCases@48fa0f47]" started-at="2020-08-01T18:27:33 IST" name="tearDown" finished-at="2020-08-01T18:27:41 IST" duration-ms="7184" status="PASS">
          <reporter-output>
          </reporter-output>
        </test-method> <!-- tearDown -->
        <test-method signature="validateCreateContact(java.lang.String, java.lang.String)[pri:3, instance:com.qa.TestCases.ContactPageTestCases@48fa0f47]" started-at="2020-08-01T18:27:43 IST" name="validateCreateContact" data-provider="getCRMTestData" finished-at="2020-08-01T18:27:43 IST" duration-ms="0" status="SKIP">
          <exception class="java.lang.RuntimeException">
            <message>
              <![CDATA[java.lang.NullPointerException]]>
            </message>
            <full-stacktrace>
              <![CDATA[java.lang.RuntimeException: java.lang.NullPointerException
at org.testng.internal.MethodInvocationHelper.invokeMethodNoCheckedException(MethodInvocationHelper.java:51)
at org.testng.internal.MethodInvocationHelper.invokeDataProvider(MethodInvocationHelper.java:147)
at org.testng.internal.Parameters.handleParameters(Parameters.java:801)
at org.testng.internal.Parameters.handleParameters(Parameters.java:744)
at org.testng.internal.ParameterHandler.handleParameters(ParameterHandler.java:59)
at org.testng.internal.ParameterHandler.createParameters(ParameterHandler.java:38)
at org.testng.internal.TestInvoker$MethodInvocationAgent.invoke(TestInvoker.java:783)
at org.testng.internal.TestInvoker.invokeTestMethods(TestInvoker.java:146)
at org.testng.internal.TestMethodWorker.invokeTestMethods(TestMethodWorker.java:146)
at org.testng.internal.TestMethodWorker.run(TestMethodWorker.java:128)
at java.base/java.util.ArrayList.forEach(ArrayList.java:1507)
at org.testng.TestRunner.privateRun(TestRunner.java:766)
at org.testng.TestRunner.run(TestRunner.java:587)
at org.testng.SuiteRunner.runTest(SuiteRunner.java:384)
at org.testng.SuiteRunner.runSequentially(SuiteRunner.java:378)
at org.testng.SuiteRunner.privateRun(SuiteRunner.java:337)
at org.testng.SuiteRunner.run(SuiteRunner.java:286)
at org.testng.SuiteRunnerWorker.runSuite(SuiteRunnerWorker.java:53)
at org.testng.SuiteRunnerWorker.run(SuiteRunnerWorker.java:96)
at org.testng.TestNG.runSuitesSequentially(TestNG.java:1187)
at org.testng.TestNG.runSuitesLocally(TestNG.java:1109)
at org.testng.TestNG.runSuites(TestNG.java:1039)
at org.testng.TestNG.run(TestNG.java:1007)
at org.testng.remote.AbstractRemoteTestNG.run(AbstractRemoteTestNG.java:115)
at org.testng.remote.RemoteTestNG.initAndRun(RemoteTestNG.java:251)
at org.testng.remote.RemoteTestNG.main(RemoteTestNG.java:77)
Caused by: java.lang.NullPointerException
at com.qa.Util.TestUtil.getTestData(TestUtil.java:50)
at com.qa.TestCases.ContactPageTestCases.getCRMTestData(ContactPageTestCases.java:53)
at java.base/jdk.internal.reflect.NativeMethodAccessorImpl.invoke0(Native Method)
at java.base/jdk.internal.reflect.NativeMethodAccessorImpl.invoke(NativeMethodAccessorImpl.java:62)
at java.base/jdk.internal.reflect.DelegatingMethodAccessorImpl.invoke(DelegatingMethodAccessorImpl.java:43)
at java.base/java.lang.reflect.Method.invoke(Method.java:567)
at org.testng.internal.MethodInvocationHelper.invokeMethod(MethodInvocationHelper.java:134)
at org.testng.internal.MethodInvocationHelper.invokeMethod(MethodInvocationHelper.java:78)
at org.testng.internal.MethodInvocationHelper.invokeMethodNoCheckedException(MethodInvocationHelper.java:47)
... 25 more
]]>
            </full-stacktrace>
          </exception> <!-- java.lang.RuntimeException -->
          <reporter-output>
          </reporter-output>
        </test-method> <!-- validateCreateContact -->
      </class> <!-- com.qa.TestCases.ContactPageTestCases -->
    </test> <!-- Free CRM App Test Cases -->
  </suite> <!-- Testing FrreCRM Apps -->
</testng-results>
